Info: Starting: Create block symbol file (.bsf)
Info: qsys-generate C:\Users\jason\OneDrive\Documents\ECE385\LockPicker\adc_qsys.qsys --block-symbol-file --output-directory=C:\Users\jason\OneDrive\Documents\ECE385\LockPicker\adc_qsys --family="MAX 10" --part=10M50DAF484C7G
Progress: Loading LockPicker/adc_qsys.qsys
Progress: Reading input file
Progress: Adding altpll_sys [altpll 18.1]
Progress: Parameterizing module altpll_sys
Progress: Adding clk_50 [clock_source 18.1]
Progress: Parameterizing module clk_50
Progress: Adding clock_bridge_sys [altera_clock_bridge 18.1]
Progress: Parameterizing module clock_bridge_sys
Progress: Adding modular_adc_0 [altera_modular_adc 18.1]
Progress: Parameterizing module modular_adc_0
Progress: Adding nios2_gen2_0 [altera_nios2_gen2 18.1]
Progress: Parameterizing module nios2_gen2_0
Progress: Adding onchip_memory2_0 [altera_avalon_onchip_memory2 18.1]
Progress: Parameterizing module onchip_memory2_0
Progress: Adding sdram [altera_avalon_new_sdram_controller 18.1]
Progress: Parameterizing module sdram
Progress: Adding sdramPLL [altpll 18.1]
Progress: Parameterizing module sdramPLL
Progress: Adding sysid_qsys_0 [altera_avalon_sysid_qsys 18.1]
Progress: Parameterizing module sysid_qsys_0
Progress: Building connections
Progress: Parameterizing connections
Progress: Validating
Progress: Done reading input file
Info: adc_qsys.sdram: SDRAM Controller will only be supported in Quartus Prime Standard Edition in the future release.
Info: adc_qsys.sysid_qsys_0: System ID is not assigned automatically. Edit the System ID parameter to provide a unique ID
Info: adc_qsys.sysid_qsys_0: Time stamp will be automatically updated when this component is generated.
Warning: adc_qsys.altpll_sys: altpll_sys.areset_conduit must be exported, or connected to a matching conduit.
Warning: adc_qsys.altpll_sys: altpll_sys.pll_slave must be connected to an Avalon-MM master
Info: qsys-generate succeeded.
Info: Finished: Create block symbol file (.bsf)
Info: 
Info: Starting: Create HDL design files for synthesis
Info: qsys-generate C:\Users\jason\OneDrive\Documents\ECE385\LockPicker\adc_qsys.qsys --synthesis=VERILOG --output-directory=C:\Users\jason\OneDrive\Documents\ECE385\LockPicker\adc_qsys\synthesis --family="MAX 10" --part=10M50DAF484C7G
Progress: Loading LockPicker/adc_qsys.qsys
Progress: Reading input file
Progress: Adding altpll_sys [altpll 18.1]
Progress: Parameterizing module altpll_sys
Progress: Adding clk_50 [clock_source 18.1]
Progress: Parameterizing module clk_50
Progress: Adding clock_bridge_sys [altera_clock_bridge 18.1]
Progress: Parameterizing module clock_bridge_sys
Progress: Adding modular_adc_0 [altera_modular_adc 18.1]
Progress: Parameterizing module modular_adc_0
Progress: Adding nios2_gen2_0 [altera_nios2_gen2 18.1]
Progress: Parameterizing module nios2_gen2_0
Progress: Adding onchip_memory2_0 [altera_avalon_onchip_memory2 18.1]
Progress: Parameterizing module onchip_memory2_0
Progress: Adding sdram [altera_avalon_new_sdram_controller 18.1]
Progress: Parameterizing module sdram
Progress: Adding sdramPLL [altpll 18.1]
Progress: Parameterizing module sdramPLL
Progress: Adding sysid_qsys_0 [altera_avalon_sysid_qsys 18.1]
Progress: Parameterizing module sysid_qsys_0
Progress: Building connections
Progress: Parameterizing connections
Progress: Validating
Progress: Done reading input file
Info: adc_qsys.sdram: SDRAM Controller will only be supported in Quartus Prime Standard Edition in the future release.
Info: adc_qsys.sysid_qsys_0: System ID is not assigned automatically. Edit the System ID parameter to provide a unique ID
Info: adc_qsys.sysid_qsys_0: Time stamp will be automatically updated when this component is generated.
Warning: adc_qsys.altpll_sys: altpll_sys.areset_conduit must be exported, or connected to a matching conduit.
Warning: adc_qsys.altpll_sys: altpll_sys.pll_slave must be connected to an Avalon-MM master
Info: adc_qsys: Generating adc_qsys "adc_qsys" for QUARTUS_SYNTH
Info: Inserting clock-crossing logic between cmd_demux.src4 and cmd_mux_004.sink0
Info: Inserting clock-crossing logic between cmd_demux_001.src4 and cmd_mux_004.sink1
Info: Inserting clock-crossing logic between rsp_demux_004.src0 and rsp_mux.sink4
Info: Inserting clock-crossing logic between rsp_demux_004.src1 and rsp_mux_001.sink4
Info: altpll_sys: "adc_qsys" instantiated altpll "altpll_sys"
Info: modular_adc_0: "adc_qsys" instantiated altera_modular_adc "modular_adc_0"
Info: nios2_gen2_0: "adc_qsys" instantiated altera_nios2_gen2 "nios2_gen2_0"
Info: onchip_memory2_0: Starting RTL generation for module 'adc_qsys_onchip_memory2_0'
Info: onchip_memory2_0:   Generation command is [exec C:/intelfpga_lite/18.1/quartus/bin64/perl/bin/perl.exe -I C:/intelfpga_lite/18.1/quartus/bin64/perl/lib -I C:/intelfpga_lite/18.1/quartus/sopc_builder/bin/europa -I C:/intelfpga_lite/18.1/quartus/sopc_builder/bin/perl_lib -I C:/intelfpga_lite/18.1/quartus/sopc_builder/bin -I C:/intelfpga_lite/18.1/quartus/../ip/altera/sopc_builder_ip/common -I C:/intelfpga_lite/18.1/quartus/../ip/altera/sopc_builder_ip/altera_avalon_onchip_memory2 -- C:/intelfpga_lite/18.1/quartus/../ip/altera/sopc_builder_ip/altera_avalon_onchip_memory2/generate_rtl.pl --name=adc_qsys_onchip_memory2_0 --dir=C:/Users/jason/AppData/Local/Temp/alt9096_6292706843078071359.dir/0004_onchip_memory2_0_gen/ --quartus_dir=C:/intelfpga_lite/18.1/quartus --verilog --config=C:/Users/jason/AppData/Local/Temp/alt9096_6292706843078071359.dir/0004_onchip_memory2_0_gen//adc_qsys_onchip_memory2_0_component_configuration.pl  --do_build_sim=0  ]
Info: onchip_memory2_0: Done RTL generation for module 'adc_qsys_onchip_memory2_0'
Info: onchip_memory2_0: "adc_qsys" instantiated altera_avalon_onchip_memory2 "onchip_memory2_0"
Info: sdram: Starting RTL generation for module 'adc_qsys_sdram'
Info: sdram:   Generation command is [exec C:/intelfpga_lite/18.1/quartus/bin64/perl/bin/perl.exe -I C:/intelfpga_lite/18.1/quartus/bin64/perl/lib -I C:/intelfpga_lite/18.1/quartus/sopc_builder/bin/europa -I C:/intelfpga_lite/18.1/quartus/sopc_builder/bin/perl_lib -I C:/intelfpga_lite/18.1/quartus/sopc_builder/bin -I C:/intelfpga_lite/18.1/quartus/../ip/altera/sopc_builder_ip/common -I C:/intelfpga_lite/18.1/quartus/../ip/altera/sopc_builder_ip/altera_avalon_new_sdram_controller -- C:/intelfpga_lite/18.1/quartus/../ip/altera/sopc_builder_ip/altera_avalon_new_sdram_controller/generate_rtl.pl --name=adc_qsys_sdram --dir=C:/Users/jason/AppData/Local/Temp/alt9096_6292706843078071359.dir/0005_sdram_gen/ --quartus_dir=C:/intelfpga_lite/18.1/quartus --verilog --config=C:/Users/jason/AppData/Local/Temp/alt9096_6292706843078071359.dir/0005_sdram_gen//adc_qsys_sdram_component_configuration.pl  --do_build_sim=0  ]
Info: sdram: Done RTL generation for module 'adc_qsys_sdram'
Info: sdram: "adc_qsys" instantiated altera_avalon_new_sdram_controller "sdram"
Info: sdramPLL: "adc_qsys" instantiated altpll "sdramPLL"
Info: sysid_qsys_0: "adc_qsys" instantiated altera_avalon_sysid_qsys "sysid_qsys_0"
Info: avalon_st_adapter: Inserting error_adapter: error_adapter_0
Info: avalon_st_adapter_001: Inserting error_adapter: error_adapter_0
Info: avalon_st_adapter_002: Inserting error_adapter: error_adapter_0
Info: avalon_st_adapter_003: Inserting error_adapter: error_adapter_0
Info: avalon_st_adapter_004: Inserting error_adapter: error_adapter_0
Info: mm_interconnect_0: "adc_qsys" instantiated altera_mm_interconnect "mm_interconnect_0"
Info: irq_mapper: "adc_qsys" instantiated altera_irq_mapper "irq_mapper"
Info: rst_controller: "adc_qsys" instantiated altera_reset_controller "rst_controller"
Info: control_internal: "modular_adc_0" instantiated altera_modular_adc_control "control_internal"
Info: cpu: Starting RTL generation for module 'adc_qsys_nios2_gen2_0_cpu'
Info: cpu:   Generation command is [exec C:/intelFPGA_lite/18.1/quartus/bin64//eperlcmd.exe -I C:/intelFPGA_lite/18.1/quartus/bin64//perl/lib -I C:/intelfpga_lite/18.1/quartus/sopc_builder/bin/europa -I C:/intelfpga_lite/18.1/quartus/sopc_builder/bin/perl_lib -I C:/intelfpga_lite/18.1/quartus/sopc_builder/bin -I C:/intelfpga_lite/18.1/quartus/../ip/altera/nios2_ip/altera_nios2_gen2/cpu_lib -I C:/intelfpga_lite/18.1/quartus/../ip/altera/nios2_ip/altera_nios2_gen2/nios_lib -I C:/intelfpga_lite/18.1/quartus/../ip/altera/nios2_ip/altera_nios2_gen2 -I C:/intelfpga_lite/18.1/quartus/../ip/altera/nios2_ip/altera_nios2_gen2 -- C:/intelfpga_lite/18.1/quartus/../ip/altera/nios2_ip/altera_nios2_gen2/generate_rtl.epl --name=adc_qsys_nios2_gen2_0_cpu --dir=C:/Users/jason/AppData/Local/Temp/alt9096_6292706843078071359.dir/0012_cpu_gen/ --quartus_bindir=C:/intelFPGA_lite/18.1/quartus/bin64/ --verilog --config=C:/Users/jason/AppData/Local/Temp/alt9096_6292706843078071359.dir/0012_cpu_gen//adc_qsys_nios2_gen2_0_cpu_processor_configuration.pl  --do_build_sim=0  ]
Info: cpu: # 2022.04.14 02:56:13 (*) Starting Nios II generation
Info: cpu: # 2022.04.14 02:56:13 (*)   Checking for plaintext license.
Info: cpu: # 2022.04.14 02:56:14 (*)   Couldn't query license setup in Quartus directory C:/intelFPGA_lite/18.1/quartus/bin64/
Info: cpu: # 2022.04.14 02:56:14 (*)   Defaulting to contents of LM_LICENSE_FILE environment variable
Info: cpu: # 2022.04.14 02:56:14 (*)   LM_LICENSE_FILE environment variable is empty
Info: cpu: # 2022.04.14 02:56:14 (*)   Plaintext license not found.
Info: cpu: # 2022.04.14 02:56:14 (*)   No license required to generate encrypted Nios II/e.
Info: cpu: # 2022.04.14 02:56:14 (*)   Elaborating CPU configuration settings
Info: cpu: # 2022.04.14 02:56:14 (*)   Creating all objects for CPU
Info: cpu: # 2022.04.14 02:56:16 (*)   Generating RTL from CPU objects
Info: cpu: # 2022.04.14 02:56:16 (*)   Creating plain-text RTL
Info: cpu: # 2022.04.14 02:56:17 (*) Done Nios II generation
Info: cpu: Done RTL generation for module 'adc_qsys_nios2_gen2_0_cpu'
Info: cpu: "nios2_gen2_0" instantiated altera_nios2_gen2_unit "cpu"
Info: nios2_gen2_0_data_master_translator: "mm_interconnect_0" instantiated altera_merlin_master_translator "nios2_gen2_0_data_master_translator"
Info: sysid_qsys_0_control_slave_translator: "mm_interconnect_0" instantiated altera_merlin_slave_translator "sysid_qsys_0_control_slave_translator"
Info: nios2_gen2_0_data_master_agent: "mm_interconnect_0" instantiated altera_merlin_master_agent "nios2_gen2_0_data_master_agent"
Info: sysid_qsys_0_control_slave_agent: "mm_interconnect_0" instantiated altera_merlin_slave_agent "sysid_qsys_0_control_slave_agent"
Info: sysid_qsys_0_control_slave_agent_rsp_fifo: "mm_interconnect_0" instantiated altera_avalon_sc_fifo "sysid_qsys_0_control_slave_agent_rsp_fifo"
Info: router: "mm_interconnect_0" instantiated altera_merlin_router "router"
Info: router_002: "mm_interconnect_0" instantiated altera_merlin_router "router_002"
Info: router_006: "mm_interconnect_0" instantiated altera_merlin_router "router_006"
Info: sdram_s1_burst_adapter: "mm_interconnect_0" instantiated altera_merlin_burst_adapter "sdram_s1_burst_adapter"
Info: cmd_demux: "mm_interconnect_0" instantiated altera_merlin_demultiplexer "cmd_demux"
Info: cmd_mux: "mm_interconnect_0" instantiated altera_merlin_multiplexer "cmd_mux"
Info: rsp_demux: "mm_interconnect_0" instantiated altera_merlin_demultiplexer "rsp_demux"
Info: rsp_mux: "mm_interconnect_0" instantiated altera_merlin_multiplexer "rsp_mux"
Info: Reusing file C:/Users/jason/OneDrive/Documents/ECE385/LockPicker/adc_qsys/synthesis/submodules/altera_merlin_arbitrator.sv
Info: sdram_s1_rsp_width_adapter: "mm_interconnect_0" instantiated altera_merlin_width_adapter "sdram_s1_rsp_width_adapter"
Info: Reusing file C:/Users/jason/OneDrive/Documents/ECE385/LockPicker/adc_qsys/synthesis/submodules/altera_merlin_address_alignment.sv
Info: Reusing file C:/Users/jason/OneDrive/Documents/ECE385/LockPicker/adc_qsys/synthesis/submodules/altera_merlin_burst_uncompressor.sv
Info: crosser: "mm_interconnect_0" instantiated altera_avalon_st_handshake_clock_crosser "crosser"
Info: Reusing file C:/Users/jason/OneDrive/Documents/ECE385/LockPicker/adc_qsys/synthesis/submodules/altera_avalon_st_pipeline_base.v
Info: avalon_st_adapter: "mm_interconnect_0" instantiated altera_avalon_st_adapter "avalon_st_adapter"
Info: avalon_st_adapter_004: "mm_interconnect_0" instantiated altera_avalon_st_adapter "avalon_st_adapter_004"
Info: error_adapter_0: "avalon_st_adapter" instantiated error_adapter "error_adapter_0"
Info: error_adapter_0: "avalon_st_adapter_004" instantiated error_adapter "error_adapter_0"
Info: adc_qsys: Done "adc_qsys" with 32 modules, 63 files
Info: qsys-generate succeeded.
Info: Finished: Create HDL design files for synthesis
